# JRE version: Java(TM) SE Runtime Environment (8.0_181-b13) (build 1.8.0_181-b13)
# Java VM: Dynamic Code Evolution 64-Bit Server VM (25.71-b01-dcevmlight-26 mixed mode windows-amd64 compressed oops)
Heap:
 def new generation   total 38144K, used 20938K [0x0000000084a00000, 0x0000000087360000, 0x00000000adc00000)
  eden space 33920K,  57% used [0x0000000084a00000, 0x0000000085ce6e70, 0x0000000086b20000)
  from space 4224K,  37% used [0x0000000086f40000, 0x00000000870cbb80, 0x0000000087360000)
  to   space 4224K,   0% used [0x0000000086b20000, 0x0000000086b20000, 0x0000000086f40000)
 tenured generation   total 84672K, used 39010K [0x00000000adc00000, 0x00000000b2eb0000, 0x0000000100000000)
   the space 84672K,  46% used [0x00000000adc00000, 0x00000000b0218a60, 0x00000000b0218c00, 0x00000000b2eb0000)
 Metaspace       used 71927K, capacity 74438K, committed 74624K, reserved 1114112K
  class space    used 9148K, capacity 9573K, committed 9600K, reserved 1048576K
GC Heap History (10 events):
Event: 538.448 GC heap before
{Heap before GC invocations=95 (full 3):
 def new generation   total 38144K, used 34781K [0x0000000084a00000, 0x0000000087360000, 0x00000000adc00000)
  eden space 33920K, 100% used [0x0000000084a00000, 0x0000000086b20000, 0x0000000086b20000)
  from space 4224K,  20% used [0x0000000086b20000, 0x0000000086bf76c0, 0x0000000086f40000)
  to   space 4224K,   0% used [0x0000000086f40000, 0x0000000086f40000, 0x0000000087360000)
 tenured generation   total 84672K, used 39010K [0x00000000adc00000, 0x00000000b2eb0000, 0x0000000100000000)
   the space 84672K,  46% used [0x00000000adc00000, 0x00000000b0218a60, 0x00000000b0218c00, 0x00000000b2eb0000)
 Metaspace       used 70741K, capacity 73072K, committed 73344K, reserved 1114112K
  class space    used 9070K, capacity 9496K, committed 9600K, reserved 1048576K
Event: 538.458 GC heap after
Heap after GC invocations=96 (full 3):
 def new generation   total 38144K, used 923K [0x0000000084a00000, 0x0000000087360000, 0x00000000adc00000)
  eden space 33920K,   0% used [0x0000000084a00000, 0x0000000084a00000, 0x0000000086b20000)
  from space 4224K,  21% used [0x0000000086f40000, 0x0000000087026cb0, 0x0000000087360000)
  to   space 4224K,   0% used [0x0000000086b20000, 0x0000000086b20000, 0x0000000086f40000)
 tenured generation   total 84672K, used 39010K [0x00000000adc00000, 0x00000000b2eb0000, 0x0000000100000000)
   the space 84672K,  46% used [0x00000000adc00000, 0x00000000b0218a60, 0x00000000b0218c00, 0x00000000b2eb0000)
 Metaspace       used 70741K, capacity 73072K, committed 73344K, reserved 1114112K
  class space    used 9070K, capacity 9496K, committed 9600K, reserved 1048576K
}
Event: 744.077 GC heap before
{Heap before GC invocations=96 (full 3):
 def new generation   total 38144K, used 34843K [0x0000000084a00000, 0x0000000087360000, 0x00000000adc00000)
  eden space 33920K, 100% used [0x0000000084a00000, 0x0000000086b20000, 0x0000000086b20000)
  from space 4224K,  21% used [0x0000000086f40000, 0x0000000087026cb0, 0x0000000087360000)
  to   space 4224K,   0% used [0x0000000086b20000, 0x0000000086b20000, 0x0000000086f40000)
 tenured generation   total 84672K, used 39010K [0x00000000adc00000, 0x00000000b2eb0000, 0x0000000100000000)
   the space 84672K,  46% used [0x00000000adc00000, 0x00000000b0218a60, 0x00000000b0218c00, 0x00000000b2eb0000)
 Metaspace       used 70917K, capacity 73296K, committed 73600K, reserved 1114112K
  class space    used 9092K, capacity 9528K, committed 9600K, reserved 1048576K
Event: 744.094 GC heap after
Heap after GC invocations=97 (full 3):
 def new generation   total 38144K, used 1219K [0x0000000084a00000, 0x0000000087360000, 0x00000000adc00000)
  eden space 33920K,   0% used [0x0000000084a00000, 0x0000000084a00000, 0x0000000086b20000)
  from space 4224K,  28% used [0x0000000086b20000, 0x0000000086c50cf8, 0x0000000086f40000)
  to   space 4224K,   0% used [0x0000000086f40000, 0x0000000086f40000, 0x0000000087360000)
 tenured generation   total 84672K, used 39010K [0x00000000adc00000, 0x00000000b2eb0000, 0x0000000100000000)
   the space 84672K,  46% used [0x00000000adc00000, 0x00000000b0218a60, 0x00000000b0218c00, 0x00000000b2eb0000)
 Metaspace       used 70917K, capacity 73296K, committed 73600K, reserved 1114112K
  class space    used 9092K, capacity 9528K, committed 9600K, reserved 1048576K
}
Event: 746.733 GC heap before
{Heap before GC invocations=97 (full 3):
 def new generation   total 38144K, used 35139K [0x0000000084a00000, 0x0000000087360000, 0x00000000adc00000)
  eden space 33920K, 100% used [0x0000000084a00000, 0x0000000086b20000, 0x0000000086b20000)
  from space 4224K,  28% used [0x0000000086b20000, 0x0000000086c50cf8, 0x0000000086f40000)
  to   space 4224K,   0% used [0x0000000086f40000, 0x0000000086f40000, 0x0000000087360000)
 tenured generation   total 84672K, used 39010K [0x00000000adc00000, 0x00000000b2eb0000, 0x0000000100000000)
   the space 84672K,  46% used [0x00000000adc00000, 0x00000000b0218a60, 0x00000000b0218c00, 0x00000000b2eb0000)
 Metaspace       used 71556K, capacity 74030K, committed 74112K, reserved 1114112K
  class space    used 9131K, capacity 9557K, committed 9600K, reserved 1048576K
Event: 746.743 GC heap after
Heap after GC invocations=98 (full 3):
 def new generation   total 38144K, used 1731K [0x0000000084a00000, 0x0000000087360000, 0x00000000adc00000)
  eden space 33920K,   0% used [0x0000000084a00000, 0x0000000084a00000, 0x0000000086b20000)
  from space 4224K,  40% used [0x0000000086f40000, 0x00000000870f0e98, 0x0000000087360000)
  to   space 4224K,   0% used [0x0000000086b20000, 0x0000000086b20000, 0x0000000086f40000)
 tenured generation   total 84672K, used 39010K [0x00000000adc00000, 0x00000000b2eb0000, 0x0000000100000000)
   the space 84672K,  46% used [0x00000000adc00000, 0x00000000b0218a60, 0x00000000b0218c00, 0x00000000b2eb0000)
 Metaspace       used 71556K, capacity 74030K, committed 74112K, reserved 1114112K
  class space    used 9131K, capacity 9557K, committed 9600K, reserved 1048576K
}
Event: 756.111 GC heap before
{Heap before GC invocations=98 (full 3):
 def new generation   total 38144K, used 35651K [0x0000000084a00000, 0x0000000087360000, 0x00000000adc00000)
  eden space 33920K, 100% used [0x0000000084a00000, 0x0000000086b20000, 0x0000000086b20000)
  from space 4224K,  40% used [0x0000000086f40000, 0x00000000870f0e98, 0x0000000087360000)
  to   space 4224K,   0% used [0x0000000086b20000, 0x0000000086b20000, 0x0000000086f40000)
 tenured generation   total 84672K, used 39010K [0x00000000adc00000, 0x00000000b2eb0000, 0x0000000100000000)
   the space 84672K,  46% used [0x00000000adc00000, 0x00000000b0218a60, 0x00000000b0218c00, 0x00000000b2eb0000)
 Metaspace       used 71693K, capacity 74162K, committed 74368K, reserved 1114112K
  class space    used 9131K, capacity 9557K, committed 9600K, reserved 1048576K
Event: 756.120 GC heap after
Heap after GC invocations=99 (full 3):
 def new generation   total 38144K, used 1809K [0x0000000084a00000, 0x0000000087360000, 0x00000000adc00000)
  eden space 33920K,   0% used [0x0000000084a00000, 0x0000000084a00000, 0x0000000086b20000)
  from space 4224K,  42% used [0x0000000086b20000, 0x0000000086ce4538, 0x0000000086f40000)
  to   space 4224K,   0% used [0x0000000086f40000, 0x0000000086f40000, 0x0000000087360000)
 tenured generation   total 84672K, used 39010K [0x00000000adc00000, 0x00000000b2eb0000, 0x0000000100000000)
   the space 84672K,  46% used [0x00000000adc00000, 0x00000000b0218a60, 0x00000000b0218c00, 0x00000000b2eb0000)
 Metaspace       used 71693K, capacity 74162K, committed 74368K, reserved 1114112K
  class space    used 9131K, capacity 9557K, committed 9600K, reserved 1048576K
}
Event: 760.211 GC heap before
{Heap before GC invocations=99 (full 3):
 def new generation   total 38144K, used 35729K [0x0000000084a00000, 0x0000000087360000, 0x00000000adc00000)
  eden space 33920K, 100% used [0x0000000084a00000, 0x0000000086b20000, 0x0000000086b20000)
  from space 4224K,  42% used [0x0000000086b20000, 0x0000000086ce4538, 0x0000000086f40000)
  to   space 4224K,   0% used [0x0000000086f40000, 0x0000000086f40000, 0x0000000087360000)
 tenured generation   total 84672K, used 39010K [0x00000000adc00000, 0x00000000b2eb0000, 0x0000000100000000)
   the space 84672K,  46% used [0x00000000adc00000, 0x00000000b0218a60, 0x00000000b0218c00, 0x00000000b2eb0000)
 Metaspace       used 71740K, capacity 74226K, committed 74368K, reserved 1114112K
  class space    used 9131K, capacity 9557K, committed 9600K, reserved 1048576K
Event: 760.222 GC heap after
Heap after GC invocations=100 (full 3):
 def new generation   total 38144K, used 1582K [0x0000000084a00000, 0x0000000087360000, 0x00000000adc00000)
  eden space 33920K,   0% used [0x0000000084a00000, 0x0000000084a00000, 0x0000000086b20000)
  from space 4224K,  37% used [0x0000000086f40000, 0x00000000870cbb80, 0x0000000087360000)
  to   space 4224K,   0% used [0x0000000086b20000, 0x0000000086b20000, 0x0000000086f40000)
 tenured generation   total 84672K, used 39010K [0x00000000adc00000, 0x00000000b2eb0000, 0x0000000100000000)
   the space 84672K,  46% used [0x00000000adc00000, 0x00000000b0218a60, 0x00000000b0218c00, 0x00000000b2eb0000)
 Metaspace       used 71740K, capacity 74226K, committed 74368K, reserved 1114112K
  class space    used 9131K, capacity 9557K, committed 9600K, reserved 1048576K
}

