# JRE version: Java(TM) SE Runtime Environment (8.0_181-b13) (build 1.8.0_181-b13)
# Java VM: Dynamic Code Evolution 64-Bit Server VM (25.71-b01-dcevmlight-26 mixed mode windows-amd64 compressed oops)
Heap:
 def new generation   total 38144K, used 12526K [0x0000000084a00000, 0x0000000087360000, 0x00000000adc00000)
  eden space 33920K,  30% used [0x0000000084a00000, 0x000000008543b0d8, 0x0000000086b20000)
  from space 4224K,  48% used [0x0000000086b20000, 0x0000000086d20a88, 0x0000000086f40000)
  to   space 4224K,   0% used [0x0000000086f40000, 0x0000000086f40000, 0x0000000087360000)
 tenured generation   total 84672K, used 35525K [0x00000000adc00000, 0x00000000b2eb0000, 0x0000000100000000)
   the space 84672K,  41% used [0x00000000adc00000, 0x00000000afeb14b0, 0x00000000afeb1600, 0x00000000b2eb0000)
 Metaspace       used 66500K, capacity 68714K, committed 69016K, reserved 1110016K
  class space    used 8385K, capacity 8795K, committed 8872K, reserved 1048576K
GC Heap History (10 events):
Event: 13.609 GC heap before
{Heap before GC invocations=85 (full 3):
 def new generation   total 38144K, used 36824K [0x0000000084a00000, 0x0000000087360000, 0x00000000adc00000)
  eden space 33920K, 100% used [0x0000000084a00000, 0x0000000086b20000, 0x0000000086b20000)
  from space 4224K,  68% used [0x0000000086f40000, 0x0000000087216388, 0x0000000087360000)
  to   space 4224K,   0% used [0x0000000086b20000, 0x0000000086b20000, 0x0000000086f40000)
 tenured generation   total 84672K, used 34051K [0x00000000adc00000, 0x00000000b2eb0000, 0x0000000100000000)
   the space 84672K,  40% used [0x00000000adc00000, 0x00000000afd40c80, 0x00000000afd40e00, 0x00000000b2eb0000)
 Metaspace       used 63795K, capacity 65978K, committed 66072K, reserved 1107968K
  class space    used 8033K, capacity 8436K, committed 8488K, reserved 1048576K
Event: 13.618 GC heap after
Heap after GC invocations=86 (full 3):
 def new generation   total 38144K, used 2525K [0x0000000084a00000, 0x0000000087360000, 0x00000000adc00000)
  eden space 33920K,   0% used [0x0000000084a00000, 0x0000000084a00000, 0x0000000086b20000)
  from space 4224K,  59% used [0x0000000086b20000, 0x0000000086d97530, 0x0000000086f40000)
  to   space 4224K,   0% used [0x0000000086f40000, 0x0000000086f40000, 0x0000000087360000)
 tenured generation   total 84672K, used 34998K [0x00000000adc00000, 0x00000000b2eb0000, 0x0000000100000000)
   the space 84672K,  41% used [0x00000000adc00000, 0x00000000afe2d830, 0x00000000afe2da00, 0x00000000b2eb0000)
 Metaspace       used 63795K, capacity 65978K, committed 66072K, reserved 1107968K
  class space    used 8033K, capacity 8436K, committed 8488K, reserved 1048576K
}
Event: 13.723 GC heap before
{Heap before GC invocations=86 (full 3):
 def new generation   total 38144K, used 36445K [0x0000000084a00000, 0x0000000087360000, 0x00000000adc00000)
  eden space 33920K, 100% used [0x0000000084a00000, 0x0000000086b20000, 0x0000000086b20000)
  from space 4224K,  59% used [0x0000000086b20000, 0x0000000086d97530, 0x0000000086f40000)
  to   space 4224K,   0% used [0x0000000086f40000, 0x0000000086f40000, 0x0000000087360000)
 tenured generation   total 84672K, used 34998K [0x00000000adc00000, 0x00000000b2eb0000, 0x0000000100000000)
   the space 84672K,  41% used [0x00000000adc00000, 0x00000000afe2d830, 0x00000000afe2da00, 0x00000000b2eb0000)
 Metaspace       used 64371K, capacity 66464K, committed 66584K, reserved 1107968K
  class space    used 8084K, capacity 8469K, committed 8488K, reserved 1048576K
Event: 13.729 GC heap after
Heap after GC invocations=87 (full 3):
 def new generation   total 38144K, used 410K [0x0000000084a00000, 0x0000000087360000, 0x00000000adc00000)
  eden space 33920K,   0% used [0x0000000084a00000, 0x0000000084a00000, 0x0000000086b20000)
  from space 4224K,   9% used [0x0000000086f40000, 0x0000000086fa6b30, 0x0000000087360000)
  to   space 4224K,   0% used [0x0000000086b20000, 0x0000000086b20000, 0x0000000086f40000)
 tenured generation   total 84672K, used 35525K [0x00000000adc00000, 0x00000000b2eb0000, 0x0000000100000000)
   the space 84672K,  41% used [0x00000000adc00000, 0x00000000afeb14b0, 0x00000000afeb1600, 0x00000000b2eb0000)
 Metaspace       used 64371K, capacity 66464K, committed 66584K, reserved 1107968K
  class space    used 8084K, capacity 8469K, committed 8488K, reserved 1048576K
}
Event: 13.858 GC heap before
{Heap before GC invocations=87 (full 3):
 def new generation   total 38144K, used 34330K [0x0000000084a00000, 0x0000000087360000, 0x00000000adc00000)
  eden space 33920K, 100% used [0x0000000084a00000, 0x0000000086b20000, 0x0000000086b20000)
  from space 4224K,   9% used [0x0000000086f40000, 0x0000000086fa6b30, 0x0000000087360000)
  to   space 4224K,   0% used [0x0000000086b20000, 0x0000000086b20000, 0x0000000086f40000)
 tenured generation   total 84672K, used 35525K [0x00000000adc00000, 0x00000000b2eb0000, 0x0000000100000000)
   the space 84672K,  41% used [0x00000000adc00000, 0x00000000afeb14b0, 0x00000000afeb1600, 0x00000000b2eb0000)
 Metaspace       used 64964K, capacity 67130K, committed 67480K, reserved 1107968K
  class space    used 8140K, capacity 8538K, committed 8616K, reserved 1048576K
Event: 13.863 GC heap after
Heap after GC invocations=88 (full 3):
 def new generation   total 38144K, used 867K [0x0000000084a00000, 0x0000000087360000, 0x00000000adc00000)
  eden space 33920K,   0% used [0x0000000084a00000, 0x0000000084a00000, 0x0000000086b20000)
  from space 4224K,  20% used [0x0000000086b20000, 0x0000000086bf8d60, 0x0000000086f40000)
  to   space 4224K,   0% used [0x0000000086f40000, 0x0000000086f40000, 0x0000000087360000)
 tenured generation   total 84672K, used 35525K [0x00000000adc00000, 0x00000000b2eb0000, 0x0000000100000000)
   the space 84672K,  41% used [0x00000000adc00000, 0x00000000afeb14b0, 0x00000000afeb1600, 0x00000000b2eb0000)
 Metaspace       used 64964K, capacity 67130K, committed 67480K, reserved 1107968K
  class space    used 8140K, capacity 8538K, committed 8616K, reserved 1048576K
}
Event: 14.139 GC heap before
{Heap before GC invocations=88 (full 3):
 def new generation   total 38144K, used 34787K [0x0000000084a00000, 0x0000000087360000, 0x00000000adc00000)
  eden space 33920K, 100% used [0x0000000084a00000, 0x0000000086b20000, 0x0000000086b20000)
  from space 4224K,  20% used [0x0000000086b20000, 0x0000000086bf8d60, 0x0000000086f40000)
  to   space 4224K,   0% used [0x0000000086f40000, 0x0000000086f40000, 0x0000000087360000)
 tenured generation   total 84672K, used 35525K [0x00000000adc00000, 0x00000000b2eb0000, 0x0000000100000000)
   the space 84672K,  41% used [0x00000000adc00000, 0x00000000afeb14b0, 0x00000000afeb1600, 0x00000000b2eb0000)
 Metaspace       used 65697K, capacity 68004K, committed 68120K, reserved 1107968K
  class space    used 8257K, capacity 8666K, committed 8744K, reserved 1048576K
Event: 14.145 GC heap after
Heap after GC invocations=89 (full 3):
 def new generation   total 38144K, used 1963K [0x0000000084a00000, 0x0000000087360000, 0x00000000adc00000)
  eden space 33920K,   0% used [0x0000000084a00000, 0x0000000084a00000, 0x0000000086b20000)
  from space 4224K,  46% used [0x0000000086f40000, 0x000000008712ae58, 0x0000000087360000)
  to   space 4224K,   0% used [0x0000000086b20000, 0x0000000086b20000, 0x0000000086f40000)
 tenured generation   total 84672K, used 35525K [0x00000000adc00000, 0x00000000b2eb0000, 0x0000000100000000)
   the space 84672K,  41% used [0x00000000adc00000, 0x00000000afeb14b0, 0x00000000afeb1600, 0x00000000b2eb0000)
 Metaspace       used 65697K, capacity 68004K, committed 68120K, reserved 1107968K
  class space    used 8257K, capacity 8666K, committed 8744K, reserved 1048576K
}
Event: 14.196 GC heap before
{Heap before GC invocations=89 (full 3):
 def new generation   total 38144K, used 35883K [0x0000000084a00000, 0x0000000087360000, 0x00000000adc00000)
  eden space 33920K, 100% used [0x0000000084a00000, 0x0000000086b20000, 0x0000000086b20000)
  from space 4224K,  46% used [0x0000000086f40000, 0x000000008712ae58, 0x0000000087360000)
  to   space 4224K,   0% used [0x0000000086b20000, 0x0000000086b20000, 0x0000000086f40000)
 tenured generation   total 84672K, used 35525K [0x00000000adc00000, 0x00000000b2eb0000, 0x0000000100000000)
   the space 84672K,  41% used [0x00000000adc00000, 0x00000000afeb14b0, 0x00000000afeb1600, 0x00000000b2eb0000)
 Metaspace       used 66295K, capacity 68612K, committed 68760K, reserved 1110016K
  class space    used 8349K, capacity 8762K, committed 8872K, reserved 1048576K
Event: 14.202 GC heap after
Heap after GC invocations=90 (full 3):
 def new generation   total 38144K, used 2050K [0x0000000084a00000, 0x0000000087360000, 0x00000000adc00000)
  eden space 33920K,   0% used [0x0000000084a00000, 0x0000000084a00000, 0x0000000086b20000)
  from space 4224K,  48% used [0x0000000086b20000, 0x0000000086d20a88, 0x0000000086f40000)
  to   space 4224K,   0% used [0x0000000086f40000, 0x0000000086f40000, 0x0000000087360000)
 tenured generation   total 84672K, used 35525K [0x00000000adc00000, 0x00000000b2eb0000, 0x0000000100000000)
   the space 84672K,  41% used [0x00000000adc00000, 0x00000000afeb14b0, 0x00000000afeb1600, 0x00000000b2eb0000)
 Metaspace       used 66295K, capacity 68612K, committed 68760K, reserved 1110016K
  class space    used 8349K, capacity 8762K, committed 8872K, reserved 1048576K
}

