# JRE version: Java(TM) SE Runtime Environment (8.0_181-b13) (build 1.8.0_181-b13)
# Java VM: Dynamic Code Evolution 64-Bit Server VM (25.71-b01-dcevmlight-26 mixed mode windows-amd64 compressed oops)
Heap:
 def new generation   total 38144K, used 18079K [0x0000000084a00000, 0x0000000087360000, 0x00000000adc00000)
  eden space 33920K,  51% used [0x0000000084a00000, 0x0000000085b00568, 0x0000000086b20000)
  from space 4224K,  15% used [0x0000000086b20000, 0x0000000086bc78e0, 0x0000000086f40000)
  to   space 4224K,   0% used [0x0000000086f40000, 0x0000000086f40000, 0x0000000087360000)
 tenured generation   total 84672K, used 36272K [0x00000000adc00000, 0x00000000b2eb0000, 0x0000000100000000)
   the space 84672K,  42% used [0x00000000adc00000, 0x00000000aff6c028, 0x00000000aff6c200, 0x00000000b2eb0000)
 Metaspace       used 66786K, capacity 69020K, committed 69120K, reserved 1110016K
  class space    used 8525K, capacity 8928K, committed 8960K, reserved 1048576K
GC Heap History (10 events):
Event: 10.158 GC heap before
{Heap before GC invocations=86 (full 3):
 def new generation   total 38144K, used 37478K [0x0000000084a00000, 0x0000000087360000, 0x00000000adc00000)
  eden space 33920K, 100% used [0x0000000084a00000, 0x0000000086b20000, 0x0000000086b20000)
  from space 4224K,  84% used [0x0000000086f40000, 0x00000000872b99d0, 0x0000000087360000)
  to   space 4224K,   0% used [0x0000000086b20000, 0x0000000086b20000, 0x0000000086f40000)
 tenured generation   total 84672K, used 34301K [0x00000000adc00000, 0x00000000b2eb0000, 0x0000000100000000)
   the space 84672K,  40% used [0x00000000adc00000, 0x00000000afd7f588, 0x00000000afd7f600, 0x00000000b2eb0000)
 Metaspace       used 64638K, capacity 66894K, committed 67072K, reserved 1107968K
  class space    used 8222K, capacity 8631K, committed 8704K, reserved 1048576K
Event: 10.166 GC heap after
Heap after GC invocations=87 (full 3):
 def new generation   total 38144K, used 626K [0x0000000084a00000, 0x0000000087360000, 0x00000000adc00000)
  eden space 33920K,   0% used [0x0000000084a00000, 0x0000000084a00000, 0x0000000086b20000)
  from space 4224K,  14% used [0x0000000086b20000, 0x0000000086bbca78, 0x0000000086f40000)
  to   space 4224K,   0% used [0x0000000086f40000, 0x0000000086f40000, 0x0000000087360000)
 tenured generation   total 84672K, used 36089K [0x00000000adc00000, 0x00000000b2eb0000, 0x0000000100000000)
   the space 84672K,  42% used [0x00000000adc00000, 0x00000000aff3e580, 0x00000000aff3e600, 0x00000000b2eb0000)
 Metaspace       used 64638K, capacity 66894K, committed 67072K, reserved 1107968K
  class space    used 8222K, capacity 8631K, committed 8704K, reserved 1048576K
}
Event: 10.215 GC heap before
{Heap before GC invocations=87 (full 3):
 def new generation   total 38144K, used 34546K [0x0000000084a00000, 0x0000000087360000, 0x00000000adc00000)
  eden space 33920K, 100% used [0x0000000084a00000, 0x0000000086b20000, 0x0000000086b20000)
  from space 4224K,  14% used [0x0000000086b20000, 0x0000000086bbca78, 0x0000000086f40000)
  to   space 4224K,   0% used [0x0000000086f40000, 0x0000000086f40000, 0x0000000087360000)
 tenured generation   total 84672K, used 36089K [0x00000000adc00000, 0x00000000b2eb0000, 0x0000000100000000)
   the space 84672K,  42% used [0x00000000adc00000, 0x00000000aff3e580, 0x00000000aff3e600, 0x00000000b2eb0000)
 Metaspace       used 65282K, capacity 67566K, committed 67712K, reserved 1107968K
  class space    used 8321K, capacity 8727K, committed 8832K, reserved 1048576K
Event: 10.220 GC heap after
Heap after GC invocations=88 (full 3):
 def new generation   total 38144K, used 2258K [0x0000000084a00000, 0x0000000087360000, 0x00000000adc00000)
  eden space 33920K,   0% used [0x0000000084a00000, 0x0000000084a00000, 0x0000000086b20000)
  from space 4224K,  53% used [0x0000000086f40000, 0x0000000087174a88, 0x0000000087360000)
  to   space 4224K,   0% used [0x0000000086b20000, 0x0000000086b20000, 0x0000000086f40000)
 tenured generation   total 84672K, used 36089K [0x00000000adc00000, 0x00000000b2eb0000, 0x0000000100000000)
   the space 84672K,  42% used [0x00000000adc00000, 0x00000000aff3e580, 0x00000000aff3e600, 0x00000000b2eb0000)
 Metaspace       used 65282K, capacity 67566K, committed 67712K, reserved 1107968K
  class space    used 8321K, capacity 8727K, committed 8832K, reserved 1048576K
}
Event: 23.273 GC heap before
{Heap before GC invocations=88 (full 3):
 def new generation   total 38144K, used 36178K [0x0000000084a00000, 0x0000000087360000, 0x00000000adc00000)
  eden space 33920K, 100% used [0x0000000084a00000, 0x0000000086b20000, 0x0000000086b20000)
  from space 4224K,  53% used [0x0000000086f40000, 0x0000000087174a88, 0x0000000087360000)
  to   space 4224K,   0% used [0x0000000086b20000, 0x0000000086b20000, 0x0000000086f40000)
 tenured generation   total 84672K, used 36089K [0x00000000adc00000, 0x00000000b2eb0000, 0x0000000100000000)
   the space 84672K,  42% used [0x00000000adc00000, 0x00000000aff3e580, 0x00000000aff3e600, 0x00000000b2eb0000)
 Metaspace       used 66168K, capacity 68366K, committed 68480K, reserved 1110016K
  class space    used 8432K, capacity 8823K, committed 8832K, reserved 1048576K
Event: 23.279 GC heap after
Heap after GC invocations=89 (full 3):
 def new generation   total 38144K, used 986K [0x0000000084a00000, 0x0000000087360000, 0x00000000adc00000)
  eden space 33920K,   0% used [0x0000000084a00000, 0x0000000084a00000, 0x0000000086b20000)
  from space 4224K,  23% used [0x0000000086b20000, 0x0000000086c16af8, 0x0000000086f40000)
  to   space 4224K,   0% used [0x0000000086f40000, 0x0000000086f40000, 0x0000000087360000)
 tenured generation   total 84672K, used 36272K [0x00000000adc00000, 0x00000000b2eb0000, 0x0000000100000000)
   the space 84672K,  42% used [0x00000000adc00000, 0x00000000aff6c028, 0x00000000aff6c200, 0x00000000b2eb0000)
 Metaspace       used 66168K, capacity 68366K, committed 68480K, reserved 1110016K
  class space    used 8432K, capacity 8823K, committed 8832K, reserved 1048576K
}
Event: 273.522 GC heap before
{Heap before GC invocations=89 (full 3):
 def new generation   total 38144K, used 34906K [0x0000000084a00000, 0x0000000087360000, 0x00000000adc00000)
  eden space 33920K, 100% used [0x0000000084a00000, 0x0000000086b20000, 0x0000000086b20000)
  from space 4224K,  23% used [0x0000000086b20000, 0x0000000086c16af8, 0x0000000086f40000)
  to   space 4224K,   0% used [0x0000000086f40000, 0x0000000086f40000, 0x0000000087360000)
 tenured generation   total 84672K, used 36272K [0x00000000adc00000, 0x00000000b2eb0000, 0x0000000100000000)
   the space 84672K,  42% used [0x00000000adc00000, 0x00000000aff6c028, 0x00000000aff6c200, 0x00000000b2eb0000)
 Metaspace       used 66554K, capacity 68860K, committed 69120K, reserved 1110016K
  class space    used 8491K, capacity 8896K, committed 8960K, reserved 1048576K
Event: 273.532 GC heap after
Heap after GC invocations=90 (full 3):
 def new generation   total 38144K, used 914K [0x0000000084a00000, 0x0000000087360000, 0x00000000adc00000)
  eden space 33920K,   0% used [0x0000000084a00000, 0x0000000084a00000, 0x0000000086b20000)
  from space 4224K,  21% used [0x0000000086f40000, 0x0000000087024bf0, 0x0000000087360000)
  to   space 4224K,   0% used [0x0000000086b20000, 0x0000000086b20000, 0x0000000086f40000)
 tenured generation   total 84672K, used 36272K [0x00000000adc00000, 0x00000000b2eb0000, 0x0000000100000000)
   the space 84672K,  42% used [0x00000000adc00000, 0x00000000aff6c028, 0x00000000aff6c200, 0x00000000b2eb0000)
 Metaspace       used 66554K, capacity 68860K, committed 69120K, reserved 1110016K
  class space    used 8491K, capacity 8896K, committed 8960K, reserved 1048576K
}
Event: 664.641 GC heap before
{Heap before GC invocations=90 (full 3):
 def new generation   total 38144K, used 34834K [0x0000000084a00000, 0x0000000087360000, 0x00000000adc00000)
  eden space 33920K, 100% used [0x0000000084a00000, 0x0000000086b20000, 0x0000000086b20000)
  from space 4224K,  21% used [0x0000000086f40000, 0x0000000087024bf0, 0x0000000087360000)
  to   space 4224K,   0% used [0x0000000086b20000, 0x0000000086b20000, 0x0000000086f40000)
 tenured generation   total 84672K, used 36272K [0x00000000adc00000, 0x00000000b2eb0000, 0x0000000100000000)
   the space 84672K,  42% used [0x00000000adc00000, 0x00000000aff6c028, 0x00000000aff6c200, 0x00000000b2eb0000)
 Metaspace       used 66585K, capacity 68860K, committed 69120K, reserved 1110016K
  class space    used 8494K, capacity 8896K, committed 8960K, reserved 1048576K
Event: 664.645 GC heap after
Heap after GC invocations=91 (full 3):
 def new generation   total 38144K, used 670K [0x0000000084a00000, 0x0000000087360000, 0x00000000adc00000)
  eden space 33920K,   0% used [0x0000000084a00000, 0x0000000084a00000, 0x0000000086b20000)
  from space 4224K,  15% used [0x0000000086b20000, 0x0000000086bc78e0, 0x0000000086f40000)
  to   space 4224K,   0% used [0x0000000086f40000, 0x0000000086f40000, 0x0000000087360000)
 tenured generation   total 84672K, used 36272K [0x00000000adc00000, 0x00000000b2eb0000, 0x0000000100000000)
   the space 84672K,  42% used [0x00000000adc00000, 0x00000000aff6c028, 0x00000000aff6c200, 0x00000000b2eb0000)
 Metaspace       used 66585K, capacity 68860K, committed 69120K, reserved 1110016K
  class space    used 8494K, capacity 8896K, committed 8960K, reserved 1048576K
}

