# JRE version: Java(TM) SE Runtime Environment (8.0_181-b13) (build 1.8.0_181-b13)
# Java VM: Dynamic Code Evolution 64-Bit Server VM (25.71-b01-dcevmlight-26 mixed mode windows-amd64 compressed oops)
Heap:
 def new generation   total 38144K, used 13029K [0x0000000084a00000, 0x0000000087360000, 0x00000000adc00000)
  eden space 33920K,  37% used [0x0000000084a00000, 0x0000000085650598, 0x0000000086b20000)
  from space 4224K,   9% used [0x0000000086b20000, 0x0000000086b88fd0, 0x0000000086f40000)
  to   space 4224K,   0% used [0x0000000086f40000, 0x0000000086f40000, 0x0000000087360000)
 tenured generation   total 84672K, used 41383K [0x00000000adc00000, 0x00000000b2eb0000, 0x0000000100000000)
   the space 84672K,  48% used [0x00000000adc00000, 0x00000000b0469d88, 0x00000000b0469e00, 0x00000000b2eb0000)
 Metaspace       used 71253K, capacity 73616K, committed 73852K, reserved 1114112K
  class space    used 9129K, capacity 9542K, committed 9600K, reserved 1048576K
GC Heap History (10 events):
Event: 17.632 GC heap before
{Heap before GC invocations=93 (full 3):
 def new generation   total 38144K, used 37567K [0x0000000084a00000, 0x0000000087360000, 0x00000000adc00000)
  eden space 33920K, 100% used [0x0000000084a00000, 0x0000000086b20000, 0x0000000086b20000)
  from space 4224K,  86% used [0x0000000086f40000, 0x00000000872cfea8, 0x0000000087360000)
  to   space 4224K,   0% used [0x0000000086b20000, 0x0000000086b20000, 0x0000000086f40000)
 tenured generation   total 84672K, used 37520K [0x00000000adc00000, 0x00000000b2eb0000, 0x0000000100000000)
   the space 84672K,  44% used [0x00000000adc00000, 0x00000000b00a41d8, 0x00000000b00a4200, 0x00000000b2eb0000)
 Metaspace       used 70012K, capacity 72342K, committed 72700K, reserved 1112064K
  class space    used 8956K, capacity 9362K, committed 9472K, reserved 1048576K
Event: 17.649 GC heap after
Heap after GC invocations=94 (full 3):
 def new generation   total 38144K, used 2156K [0x0000000084a00000, 0x0000000087360000, 0x00000000adc00000)
  eden space 33920K,   0% used [0x0000000084a00000, 0x0000000084a00000, 0x0000000086b20000)
  from space 4224K,  51% used [0x0000000086b20000, 0x0000000086d3b1d8, 0x0000000086f40000)
  to   space 4224K,   0% used [0x0000000086f40000, 0x0000000086f40000, 0x0000000087360000)
 tenured generation   total 84672K, used 40283K [0x00000000adc00000, 0x00000000b2eb0000, 0x0000000100000000)
   the space 84672K,  47% used [0x00000000adc00000, 0x00000000b0356f38, 0x00000000b0357000, 0x00000000b2eb0000)
 Metaspace       used 70012K, capacity 72342K, committed 72700K, reserved 1112064K
  class space    used 8956K, capacity 9362K, committed 9472K, reserved 1048576K
}
Event: 18.036 GC heap before
{Heap before GC invocations=94 (full 3):
 def new generation   total 38144K, used 36076K [0x0000000084a00000, 0x0000000087360000, 0x00000000adc00000)
  eden space 33920K, 100% used [0x0000000084a00000, 0x0000000086b20000, 0x0000000086b20000)
  from space 4224K,  51% used [0x0000000086b20000, 0x0000000086d3b1d8, 0x0000000086f40000)
  to   space 4224K,   0% used [0x0000000086f40000, 0x0000000086f40000, 0x0000000087360000)
 tenured generation   total 84672K, used 40283K [0x00000000adc00000, 0x00000000b2eb0000, 0x0000000100000000)
   the space 84672K,  47% used [0x00000000adc00000, 0x00000000b0356f38, 0x00000000b0357000, 0x00000000b2eb0000)
 Metaspace       used 70190K, capacity 72550K, committed 72700K, reserved 1112064K
  class space    used 8972K, capacity 9405K, committed 9472K, reserved 1048576K
Event: 18.042 GC heap after
Heap after GC invocations=95 (full 3):
 def new generation   total 38144K, used 638K [0x0000000084a00000, 0x0000000087360000, 0x00000000adc00000)
  eden space 33920K,   0% used [0x0000000084a00000, 0x0000000084a00000, 0x0000000086b20000)
  from space 4224K,  15% used [0x0000000086f40000, 0x0000000086fdfa50, 0x0000000087360000)
  to   space 4224K,   0% used [0x0000000086b20000, 0x0000000086b20000, 0x0000000086f40000)
 tenured generation   total 84672K, used 41383K [0x00000000adc00000, 0x00000000b2eb0000, 0x0000000100000000)
   the space 84672K,  48% used [0x00000000adc00000, 0x00000000b0469d88, 0x00000000b0469e00, 0x00000000b2eb0000)
 Metaspace       used 70190K, capacity 72550K, committed 72700K, reserved 1112064K
  class space    used 8972K, capacity 9405K, committed 9472K, reserved 1048576K
}
Event: 18.136 GC heap before
{Heap before GC invocations=95 (full 3):
 def new generation   total 38144K, used 34558K [0x0000000084a00000, 0x0000000087360000, 0x00000000adc00000)
  eden space 33920K, 100% used [0x0000000084a00000, 0x0000000086b20000, 0x0000000086b20000)
  from space 4224K,  15% used [0x0000000086f40000, 0x0000000086fdfa50, 0x0000000087360000)
  to   space 4224K,   0% used [0x0000000086b20000, 0x0000000086b20000, 0x0000000086f40000)
 tenured generation   total 84672K, used 41383K [0x00000000adc00000, 0x00000000b2eb0000, 0x0000000100000000)
   the space 84672K,  48% used [0x00000000adc00000, 0x00000000b0469d88, 0x00000000b0469e00, 0x00000000b2eb0000)
 Metaspace       used 70734K, capacity 73062K, committed 73212K, reserved 1114112K
  class space    used 9052K, capacity 9469K, committed 9472K, reserved 1048576K
Event: 18.143 GC heap after
Heap after GC invocations=96 (full 3):
 def new generation   total 38144K, used 1592K [0x0000000084a00000, 0x0000000087360000, 0x00000000adc00000)
  eden space 33920K,   0% used [0x0000000084a00000, 0x0000000084a00000, 0x0000000086b20000)
  from space 4224K,  37% used [0x0000000086b20000, 0x0000000086cae210, 0x0000000086f40000)
  to   space 4224K,   0% used [0x0000000086f40000, 0x0000000086f40000, 0x0000000087360000)
 tenured generation   total 84672K, used 41383K [0x00000000adc00000, 0x00000000b2eb0000, 0x0000000100000000)
   the space 84672K,  48% used [0x00000000adc00000, 0x00000000b0469d88, 0x00000000b0469e00, 0x00000000b2eb0000)
 Metaspace       used 70734K, capacity 73062K, committed 73212K, reserved 1114112K
  class space    used 9052K, capacity 9469K, committed 9472K, reserved 1048576K
}
Event: 53.640 GC heap before
{Heap before GC invocations=96 (full 3):
 def new generation   total 38144K, used 35512K [0x0000000084a00000, 0x0000000087360000, 0x00000000adc00000)
  eden space 33920K, 100% used [0x0000000084a00000, 0x0000000086b20000, 0x0000000086b20000)
  from space 4224K,  37% used [0x0000000086b20000, 0x0000000086cae210, 0x0000000086f40000)
  to   space 4224K,   0% used [0x0000000086f40000, 0x0000000086f40000, 0x0000000087360000)
 tenured generation   total 84672K, used 41383K [0x00000000adc00000, 0x00000000b2eb0000, 0x0000000100000000)
   the space 84672K,  48% used [0x00000000adc00000, 0x00000000b0469d88, 0x00000000b0469e00, 0x00000000b2eb0000)
 Metaspace       used 71005K, capacity 73382K, committed 73596K, reserved 1114112K
  class space    used 9097K, capacity 9533K, committed 9600K, reserved 1048576K
Event: 53.646 GC heap after
Heap after GC invocations=97 (full 3):
 def new generation   total 38144K, used 453K [0x0000000084a00000, 0x0000000087360000, 0x00000000adc00000)
  eden space 33920K,   0% used [0x0000000084a00000, 0x0000000084a00000, 0x0000000086b20000)
  from space 4224K,  10% used [0x0000000086f40000, 0x0000000086fb1598, 0x0000000087360000)
  to   space 4224K,   0% used [0x0000000086b20000, 0x0000000086b20000, 0x0000000086f40000)
 tenured generation   total 84672K, used 41383K [0x00000000adc00000, 0x00000000b2eb0000, 0x0000000100000000)
   the space 84672K,  48% used [0x00000000adc00000, 0x00000000b0469d88, 0x00000000b0469e00, 0x00000000b2eb0000)
 Metaspace       used 71005K, capacity 73382K, committed 73596K, reserved 1114112K
  class space    used 9097K, capacity 9533K, committed 9600K, reserved 1048576K
}
Event: 54.079 GC heap before
{Heap before GC invocations=97 (full 3):
 def new generation   total 38144K, used 34373K [0x0000000084a00000, 0x0000000087360000, 0x00000000adc00000)
  eden space 33920K, 100% used [0x0000000084a00000, 0x0000000086b20000, 0x0000000086b20000)
  from space 4224K,  10% used [0x0000000086f40000, 0x0000000086fb1598, 0x0000000087360000)
  to   space 4224K,   0% used [0x0000000086b20000, 0x0000000086b20000, 0x0000000086f40000)
 tenured generation   total 84672K, used 41383K [0x00000000adc00000, 0x00000000b2eb0000, 0x0000000100000000)
   the space 84672K,  48% used [0x00000000adc00000, 0x00000000b0469d88, 0x00000000b0469e00, 0x00000000b2eb0000)
 Metaspace       used 71057K, capacity 73388K, committed 73596K, reserved 1114112K
  class space    used 9103K, capacity 9534K, committed 9600K, reserved 1048576K
Event: 54.085 GC heap after
Heap after GC invocations=98 (full 3):
 def new generation   total 38144K, used 419K [0x0000000084a00000, 0x0000000087360000, 0x00000000adc00000)
  eden space 33920K,   0% used [0x0000000084a00000, 0x0000000084a00000, 0x0000000086b20000)
  from space 4224K,   9% used [0x0000000086b20000, 0x0000000086b88fd0, 0x0000000086f40000)
  to   space 4224K,   0% used [0x0000000086f40000, 0x0000000086f40000, 0x0000000087360000)
 tenured generation   total 84672K, used 41383K [0x00000000adc00000, 0x00000000b2eb0000, 0x0000000100000000)
   the space 84672K,  48% used [0x00000000adc00000, 0x00000000b0469d88, 0x00000000b0469e00, 0x00000000b2eb0000)
 Metaspace       used 71057K, capacity 73388K, committed 73596K, reserved 1114112K
  class space    used 9103K, capacity 9534K, committed 9600K, reserved 1048576K
}

